Tue Apr 11 15:33:33 PDT 2017
------LBM_concurrent_store---------------
lp=2, step_stop=100
Usage: %s 1 1 1     1 1
Block size starting from 64KB,128KB,256KB,512KB,1MB,2MB,4MB,8MB
Block size input =	   1   ,2    ,4    ,8    ,16 ,32 ,64 ,128
remove all subdirectories
Tue Apr 11 15:33:33 PDT 2017
-----------Delete files-----------------
-----------End Delete files-------------
Tue Apr 11 15:33:33 PDT 2017
mkdir new


####### Simulate 1 Compute Parallel Write vs 1 Analysis Parallel Read ########
@@@@@@@@@@@@@@@@@@@@@@@@@@@@@@@@@@@@@@@@@@@@@@@@@@@@@@@@@@
***********1 Compute Write*******************************
Block size starting from 64KB,128KB,256KB,512KB,1MB,2MB,4MB,8MB
cubex =	   			   16  ,16   ,16   ,32   ,32 ,32 ,64 ,64
cubez =	   			   16  ,32   ,64   ,32   ,64 ,128,64 ,128
*********************1 Analysis Read**********************
Block size starting from 64KB,128KB,256KB,512KB,1MB,2MB,4MB,8MB
@@@@@@@@@@@@@@@@@@@@@@@@@@@@@@@@@@@@@@@@@@@@@@@@@@@@@@@@@@
********************************************************************
LBMconcurrentstore 512 KB, 0% PRB
********************************************************************
IBRUN: Command is /home/qoofyk/General_Data_Broker/lbm_concurrent_store/lbm_concurrent_store
IBRUN: Command is /home/qoofyk/General_Data_Broker/lbm_concurrent_store/lbm_concurrent_store
IBRUN: Even number of ranks per node (2)--hacking nodefile...
IBRUN: Running on 1 unique nodes
IBRUN: Will place 2 ranks on comet-14-01 with 2 threads each
IBRUN: Nodefile is /tmp/o9CjAjgyRI
IBRUN: Adding MV2_CPU_MAPPING=0-1:2-3:4-5:6-7 to the environment
IBRUN: Adding MV2_USE_OLD_BCAST=1 to the environment
IBRUN: Adding MV2_USE_HUGEPAGES=0 to the environment
IBRUN: Adding MV2_HOMOGENEOUS_CLUSTER=0 to the environment
IBRUN: Adding MV2_DEFAULT_TIME_OUT=23 to the environment
IBRUN: Adding MV2_USE_UD_HYBRID=0 to the environment
IBRUN: Added 6 new environment variables to the execution environment
IBRUN: Command string is [mpirun_rsh -np 2 -hostfile /tmp/o9CjAjgyRI -export /home/qoofyk/General_Data_Broker/lbm_concurrent_store/lbm_concurrent_store 1 1 1 1 0 1 1 32 32 100 4 256]
Hello world! I'm rank 0 of 2 on comet-14-01.sdsc.edu with provided=3, block_size=524304, cube_size=65536 double
Hello world! I'm rank 1 of 2 on comet-14-01.sdsc.edu with provided=3, block_size=524304, cube_size=65536 double
Ana_Proc1 of 1 ana_total_blks=3200, reader_blk_num=0, analysis_writer_blk_num=3200, CONSUMER_Ringbuffer 0.500GB, size=1024 member
Comp_Proc0 of 1 cpt_total_blks=3200, writer_blk_num=0, sender_blk_num=3200, PRODUCER_Ringbuffer 0.500GB, size=1024 member
Comp_Proc0: Writer0 is turned off
Comp_Proc0: Writer0 T_write=0.000, T_only_fwrite=0.000, T_total=0.000 with 0 blocks
Ana_Proc1: Reader0 is turned off
Ana_Proc1: Reader0 T_total=0.000, T_io_read=0.000, T_only_fread=0.000 with 0 blocks
Init LBM Time=0.187476
step=0 of 100
block_id=0
block_id=0
step=1 of 100
block_id=0
block_id=0
block_id=0
block_id=0
block_id=0
block_id=0
block_id=0
block_id=0
block_id=0
block_id=0
block_id=0
block_id=0
block_id=0
block_id=0
block_id=0
block_id=0
block_id=0
block_id=0
block_id=0
block_id=0
block_id=0
block_id=0
block_id=0
block_id=0
block_id=0
block_id=0
block_id=0
block_id=0
block_id=0
block_id=0
block_id=0
step=2 of 100
block_id=0
block_id=0
block_id=0
block_id=0
block_id=0
block_id=0
block_id=0
block_id=0
block_id=0
block_id=0
block_id=0
block_id=0
block_id=0
block_id=0
block_id=0
block_id=0
block_id=0
block_id=0
block_id=0
block_id=0
block_id=0
block_id=0
block_id=0
block_id=0
block_id=0
block_id=0
block_id=0
block_id=0
block_id=0
block_id=0
block_id=0
block_id=0
step=3 of 100
block_id=0
block_id=0
block_id=0
block_id=0
block_id=0
block_id=0
block_id=0
block_id=0
block_id=0
block_id=0
block_id=0
block_id=0
block_id=0
block_id=0
block_id=0
block_id=0
block_id=0
block_id=0
block_id=0
block_id=0
block_id=0
block_id=0
block_id=0
block_id=0
block_id=0
block_id=0
block_id=0
block_id=0
block_id=0
block_id=0
block_id=0
block_id=0
step=4 of 100
block_id=0
block_id=0
block_id=0
block_id=0
block_id=0
block_id=0
block_id=0
block_id=0
block_id=0
block_id=0
block_id=0
block_id=0
block_id=0
block_id=0
block_id=0
block_id=0
block_id=0
block_id=0
block_id=0
block_id=0
block_id=0
block_id=0
block_id=0
block_id=0
block_id=0
block_id=0
block_id=0
block_id=0
block_id=0
block_id=0
block_id=0
block_id=0
step=5 of 100
block_id=0
block_id=0
block_id=0
block_id=0
block_id=0
block_id=0
block_id=0
block_id=0
block_id=0
block_id=0
block_id=0
block_id=0
block_id=0
block_id=0
block_id=0
block_id=0
block_id=0
block_id=0
block_id=0
block_id=0
block_id=0
block_id=0
block_id=0
block_id=0
block_id=0
block_id=0
block_id=0
block_id=0
block_id=0
block_id=0
block_id=0
block_id=0
step=6 of 100
block_id=0
block_id=0
block_id=0
block_id=0
block_id=0
block_id=0
block_id=0
block_id=0
block_id=0
block_id=0
block_id=0
block_id=0
block_id=0
block_id=0
block_id=0
block_id=0
block_id=0
block_id=0
block_id=0
block_id=0
block_id=0
block_id=0
block_id=0
block_id=0
block_id=0
block_id=0
block_id=0
block_id=0
block_id=0
block_id=0
block_id=0
block_id=0
step=7 of 100
block_id=0
block_id=0
block_id=0
block_id=0
block_id=0
block_id=0
block_id=0
block_id=0
block_id=0
block_id=0
block_id=0
block_id=0
block_id=0
block_id=0
block_id=0
block_id=0
block_id=0
block_id=0
block_id=0
block_id=0
block_id=0
block_id=0
block_id=0
block_id=0
block_id=0
block_id=0
block_id=0
block_id=0
block_id=0
block_id=0
block_id=0
block_id=0
step=8 of 100
block_id=0
block_id=0
block_id=0
block_id=0
block_id=0
block_id=0
block_id=0
block_id=0
block_id=0
block_id=0
block_id=0
block_id=0
block_id=0
block_id=0
block_id=0
block_id=0
block_id=0
block_id=0
block_id=0
block_id=0
block_id=0
block_id=0
block_id=0
block_id=0
block_id=0
block_id=0
block_id=0
block_id=0
block_id=0
block_id=0
block_id=0
block_id=0
step=9 of 100
block_id=0
block_id=0
block_id=0
block_id=0
block_id=0
block_id=0
block_id=0
block_id=0
block_id=0
block_id=0
block_id=0
block_id=0
block_id=0
block_id=0
block_id=0
block_id=0
block_id=0
block_id=0
block_id=0
block_id=0
block_id=0
block_id=0
block_id=0
block_id=0
block_id=0
block_id=0
block_id=0
block_id=0
block_id=0
block_id=0
block_id=0
block_id=0
step=10 of 100
block_id=0
block_id=0
block_id=0
block_id=0
block_id=0
block_id=0
block_id=0
block_id=0
block_id=0
block_id=0
block_id=0
block_id=0
block_id=0
block_id=0
block_id=0
block_id=0
block_id=0
block_id=0
block_id=0
block_id=0
block_id=0
block_id=0
block_id=0
block_id=0
block_id=0
block_id=0
block_id=0
block_id=0
block_id=0
block_id=0
block_id=0
block_id=0
step=11 of 100
block_id=0
block_id=0
block_id=0
block_id=0
block_id=0
block_id=0
block_id=0
block_id=0
block_id=0
block_id=0
block_id=0
block_id=0
block_id=0
block_id=0
block_id=0
block_id=0
block_id=0
block_id=0
block_id=0
block_id=0
block_id=0
block_id=0
block_id=0
block_id=0
block_id=0
block_id=0
block_id=0
block_id=0
block_id=0
block_id=0
block_id=0
block_id=0
step=12 of 100
block_id=0
block_id=0
block_id=0
block_id=0
block_id=0
block_id=0
block_id=0
block_id=0
block_id=0
block_id=0
block_id=0
block_id=0
block_id=0
block_id=0
block_id=0
block_id=0
block_id=0
block_id=0
block_id=0
block_id=0
block_id=0
block_id=0
block_id=0
block_id=0
block_id=0
block_id=0
block_id=0
block_id=0
block_id=0
block_id=0
block_id=0
block_id=0
step=13 of 100
block_id=0
block_id=0
block_id=0
block_id=0
block_id=0
block_id=0
block_id=0
block_id=0
block_id=0
block_id=0
block_id=0
block_id=0
block_id=0
block_id=0
block_id=0
block_id=0
block_id=0
block_id=0
block_id=0
block_id=0
block_id=0
block_id=0
block_id=0
block_id=0
block_id=0
block_id=0
block_id=0
block_id=0
block_id=0
block_id=0
block_id=0
block_id=0
step=14 of 100
block_id=0
block_id=0
block_id=0
block_id=0
block_id=0
block_id=0
block_id=0
block_id=0
block_id=0
block_id=0
block_id=0
block_id=0
block_id=0
block_id=0
block_id=0
block_id=0
block_id=0
block_id=0
block_id=0
block_id=0
block_id=0
block_id=0
block_id=0
block_id=0
block_id=0
block_id=0
block_id=0
block_id=0
block_id=0
block_id=0
block_id=0
block_id=0
step=15 of 100
block_id=0
block_id=0
block_id=0
block_id=0
block_id=0
block_id=0
block_id=0
block_id=0
block_id=0
block_id=0
block_id=0
block_id=0
block_id=0
block_id=0
block_id=0
block_id=0
block_id=0
block_id=0
block_id=0
block_id=0
block_id=0
block_id=0
block_id=0
block_id=0
block_id=0
block_id=0
block_id=0
block_id=0
block_id=0
block_id=0
block_id=0
block_id=0
step=16 of 100
block_id=0
block_id=0
block_id=0
block_id=0
block_id=0
block_id=0
block_id=0
block_id=0
block_id=0
block_id=0
block_id=0
block_id=0
block_id=0
block_id=0
block_id=0
block_id=0
block_id=0
block_id=0
block_id=0
block_id=0
block_id=0
block_id=0
block_id=0
block_id=0
block_id=0
block_id=0
block_id=0
block_id=0
block_id=0
block_id=0
block_id=0
block_id=0
step=17 of 100
block_id=0
block_id=0
block_id=0
block_id=0
block_id=0
block_id=0
block_id=0
block_id=0
block_id=0
block_id=0
block_id=0
block_id=0
block_id=0
block_id=0
block_id=0
block_id=0
block_id=0
block_id=0
block_id=0
block_id=0
block_id=0
block_id=0
block_id=0
block_id=0
block_id=0
block_id=0
block_id=0
block_id=0
block_id=0
block_id=0
block_id=0
block_id=0
step=18 of 100
block_id=0
block_id=0
block_id=0
block_id=0
block_id=0
block_id=0
block_id=0
block_id=0
block_id=0
block_id=0
block_id=0
block_id=0
block_id=0
block_id=0
block_id=0
block_id=0
block_id=0
block_id=0
block_id=0
block_id=0
block_id=0
block_id=0
block_id=0
block_id=0
block_id=0
block_id=0
block_id=0
block_id=0
block_id=0
block_id=0
block_id=0
block_id=0
step=19 of 100
block_id=0
block_id=0
block_id=0
block_id=0
block_id=0
block_id=0
block_id=0
block_id=0
block_id=0
block_id=0
block_id=0
block_id=0
block_id=0
block_id=0
block_id=0
block_id=0
block_id=0
block_id=0
block_id=0
block_id=0
block_id=0
block_id=0
block_id=0
block_id=0
block_id=0
block_id=0
block_id=0
block_id=0
block_id=0
block_id=0
block_id=0
block_id=0
step=20 of 100
block_id=0
block_id=0
block_id=0
block_id=0
block_id=0
block_id=0
block_id=0
block_id=0
block_id=0
block_id=0
block_id=0
block_id=0
block_id=0
block_id=0
block_id=0
block_id=0
block_id=0
block_id=0
block_id=0
block_id=0
block_id=0
block_id=0
block_id=0
block_id=0
block_id=0
block_id=0
block_id=0
block_id=0
block_id=0
block_id=0
block_id=0
block_id=0
step=21 of 100
block_id=0
block_id=0
block_id=0
block_id=0
block_id=0
block_id=0
block_id=0
block_id=0
block_id=0
block_id=0
block_id=0
block_id=0
block_id=0
block_id=0
block_id=0
block_id=0
block_id=0
block_id=0
block_id=0
block_id=0
block_id=0
block_id=0
block_id=0
block_id=0
block_id=0
block_id=0
block_id=0
block_id=0
block_id=0
block_id=0
block_id=0
block_id=0
step=22 of 100
block_id=0
block_id=0
block_id=0
block_id=0
block_id=0
block_id=0
block_id=0
block_id=0
block_id=0
block_id=0
block_id=0
block_id=0
block_id=0
block_id=0
block_id=0
block_id=0
block_id=0
block_id=0
block_id=0
block_id=0
block_id=0
block_id=0
block_id=0
block_id=0
block_id=0
block_id=0
block_id=0
block_id=0
block_id=0
block_id=0
block_id=0
block_id=0
step=23 of 100
block_id=0
block_id=0
block_id=0
block_id=0
block_id=0
block_id=0
block_id=0
block_id=0
block_id=0
block_id=0
block_id=0
block_id=0
block_id=0
block_id=0
block_id=0
block_id=0
block_id=0
block_id=0
block_id=0
block_id=0
block_id=0
block_id=0
block_id=0
block_id=0
block_id=0
block_id=0
block_id=0
block_id=0
block_id=0
block_id=0
block_id=0
block_id=0
step=24 of 100
block_id=0
block_id=0
block_id=0
block_id=0
block_id=0
block_id=0
block_id=0
block_id=0
block_id=0
block_id=0
block_id=0
block_id=0
block_id=0
block_id=0
block_id=0
block_id=0
block_id=0
block_id=0
block_id=0
block_id=0
block_id=0
block_id=0
block_id=0
block_id=0
block_id=0
block_id=0
block_id=0
block_id=0
block_id=0
block_id=0
block_id=0
block_id=0
step=25 of 100
block_id=0
block_id=0
block_id=0
block_id=0
block_id=0
block_id=0
block_id=0
block_id=0
block_id=0
block_id=0
block_id=0
block_id=0
block_id=0
block_id=0
block_id=0
block_id=0
block_id=0
block_id=0
block_id=0
block_id=0
block_id=0
block_id=0
block_id=0
block_id=0
block_id=0
block_id=0
block_id=0
block_id=0
block_id=0
block_id=0
block_id=0
block_id=0
step=26 of 100
block_id=0
block_id=0
block_id=0
block_id=0
block_id=0
block_id=0
block_id=0
block_id=0
block_id=0
block_id=0
block_id=0
block_id=0
block_id=0
block_id=0
block_id=0
block_id=0
block_id=0
block_id=0
block_id=0
block_id=0
block_id=0
block_id=0
block_id=0
block_id=0
block_id=0
block_id=0
block_id=0
block_id=0
block_id=0
block_id=0
block_id=0
block_id=0
step=27 of 100
block_id=0
block_id=0
block_id=0
block_id=0
block_id=0
block_id=0
block_id=0
block_id=0
block_id=0
block_id=0
block_id=0
block_id=0
block_id=0
block_id=0
block_id=0
block_id=0
block_id=0
block_id=0
block_id=0
block_id=0
block_id=0
block_id=0
block_id=0
block_id=0
block_id=0
block_id=0
block_id=0
block_id=0
block_id=0
block_id=0
block_id=0
block_id=0
step=28 of 100
block_id=0
block_id=0
block_id=0
block_id=0
block_id=0
block_id=0
block_id=0
block_id=0
block_id=0
block_id=0
block_id=0
block_id=0
block_id=0
block_id=0
block_id=0
block_id=0
block_id=0
block_id=0
block_id=0
block_id=0
block_id=0
block_id=0
block_id=0
block_id=0
block_id=0
block_id=0
block_id=0
block_id=0
block_id=0
block_id=0
block_id=0
block_id=0
step=29 of 100
block_id=0
block_id=0
block_id=0
block_id=0
block_id=0
block_id=0
block_id=0
block_id=0
block_id=0
block_id=0
block_id=0
block_id=0
block_id=0
block_id=0
block_id=0
block_id=0
block_id=0
block_id=0
block_id=0
block_id=0
block_id=0
block_id=0
block_id=0
block_id=0
block_id=0
block_id=0
block_id=0
block_id=0
block_id=0
block_id=0
block_id=0
block_id=0
step=30 of 100
block_id=0
block_id=0
block_id=0
block_id=0
block_id=0
block_id=0
block_id=0
block_id=0
block_id=0
block_id=0
block_id=0
block_id=0
block_id=0
block_id=0
block_id=0
block_id=0
block_id=0
block_id=0
block_id=0
block_id=0
block_id=0
block_id=0
block_id=0
block_id=0
block_id=0
block_id=0
block_id=0
block_id=0
block_id=0
block_id=0
block_id=0
block_id=0
step=31 of 100
block_id=0
block_id=0
block_id=0
block_id=0
block_id=0
block_id=0
block_id=0
block_id=0
block_id=0
block_id=0
block_id=0
block_id=0
block_id=0
block_id=0
block_id=0
block_id=0
block_id=0
block_id=0
block_id=0
block_id=0
block_id=0
block_id=0
block_id=0
block_id=0
block_id=0
block_id=0
block_id=0
block_id=0
block_id=0
block_id=0
block_id=0
block_id=0
step=32 of 100
block_id=0
block_id=0
block_id=0
block_id=0
block_id=0
block_id=0
block_id=0
block_id=0
block_id=0
block_id=0
block_id=0
block_id=0
block_id=0
block_id=0
block_id=0
block_id=0
block_id=0
block_id=0
block_id=0
block_id=0
block_id=0
block_id=0
block_id=0
block_id=0
block_id=0
block_id=0
block_id=0
block_id=0
block_id=0
block_id=0
block_id=0
block_id=0
step=33 of 100
block_id=0
block_id=0
block_id=0
block_id=0
block_id=0
block_id=0
block_id=0
block_id=0
block_id=0
block_id=0
block_id=0
block_id=0
block_id=0
block_id=0
block_id=0
block_id=0
block_id=0
block_id=0
block_id=0
block_id=0
block_id=0
block_id=0
block_id=0
block_id=0
block_id=0
block_id=0
block_id=0
block_id=0
block_id=0
block_id=0
block_id=0
block_id=0
step=34 of 100
block_id=0
block_id=0
block_id=0
block_id=0
block_id=0
block_id=0
block_id=0
block_id=0
block_id=0
block_id=0
block_id=0
block_id=0
block_id=0
block_id=0
block_id=0
block_id=0
block_id=0
block_id=0
block_id=0
block_id=0
block_id=0
block_id=0
block_id=0
block_id=0
block_id=0
block_id=0
block_id=0
block_id=0
block_id=0
block_id=0
block_id=0
block_id=0
step=35 of 100
block_id=0
block_id=0
block_id=0
block_id=0
block_id=0
block_id=0
block_id=0
block_id=0
block_id=0
block_id=0
block_id=0
block_id=0
block_id=0
block_id=0
block_id=0
block_id=0
block_id=0
block_id=0
block_id=0
block_id=0
block_id=0
block_id=0
block_id=0
block_id=0
block_id=0
block_id=0
block_id=0
block_id=0
block_id=0
block_id=0
block_id=0
block_id=0
step=36 of 100
block_id=0
block_id=0
block_id=0
block_id=0
block_id=0
block_id=0
block_id=0
block_id=0
block_id=0
block_id=0
block_id=0
block_id=0
block_id=0
block_id=0
block_id=0
block_id=0
block_id=0
block_id=0
block_id=0
block_id=0
block_id=0
block_id=0
block_id=0
block_id=0
block_id=0
block_id=0
block_id=0
block_id=0
block_id=0
block_id=0
block_id=0
block_id=0
step=37 of 100
block_id=0
block_id=0
block_id=0
block_id=0
block_id=0
block_id=0
block_id=0
block_id=0
block_id=0
block_id=0
block_id=0
block_id=0
block_id=0
block_id=0
block_id=0
block_id=0
block_id=0
block_id=0
block_id=0
block_id=0
block_id=0
block_id=0
block_id=0
block_id=0
block_id=0
block_id=0
block_id=0
block_id=0
block_id=0
block_id=0
block_id=0
block_id=0
step=38 of 100
block_id=0
block_id=0
block_id=0
block_id=0
block_id=0
block_id=0
block_id=0
block_id=0
block_id=0
block_id=0
block_id=0
block_id=0
block_id=0
block_id=0
block_id=0
block_id=0
block_id=0
block_id=0
block_id=0
block_id=0
block_id=0
block_id=0
block_id=0
block_id=0
block_id=0
block_id=0
block_id=0
block_id=0
block_id=0
block_id=0
block_id=0
block_id=0
step=39 of 100
block_id=0
block_id=0
block_id=0
block_id=0
block_id=0
block_id=0
block_id=0
block_id=0
block_id=0
block_id=0
block_id=0
block_id=0
block_id=0
block_id=0
block_id=0
block_id=0
block_id=0
block_id=0
block_id=0
block_id=0
block_id=0
block_id=0
block_id=0
block_id=0
block_id=0
block_id=0
block_id=0
block_id=0
block_id=0
block_id=0
block_id=0
block_id=0
step=40 of 100
block_id=0
block_id=0
block_id=0
block_id=0
block_id=0
block_id=0
block_id=0
block_id=0
block_id=0
block_id=0
block_id=0
block_id=0
block_id=0
block_id=0
block_id=0
block_id=0
block_id=0
block_id=0
block_id=0
block_id=0
block_id=0
block_id=0
block_id=0
block_id=0
block_id=0
block_id=0
block_id=0
block_id=0
block_id=0
block_id=0
block_id=0
block_id=0
step=41 of 100
block_id=0
block_id=0
block_id=0
block_id=0
block_id=0
block_id=0
block_id=0
block_id=0
block_id=0
block_id=0
block_id=0
block_id=0
block_id=0
block_id=0
block_id=0
block_id=0
block_id=0
block_id=0
block_id=0
block_id=0
block_id=0
block_id=0
block_id=0
block_id=0
block_id=0
block_id=0
block_id=0
block_id=0
block_id=0
block_id=0
block_id=0
block_id=0
step=42 of 100
block_id=0
block_id=0
block_id=0
block_id=0
block_id=0
block_id=0
block_id=0
block_id=0
block_id=0
block_id=0
block_id=0
block_id=0
block_id=0
block_id=0
block_id=0
block_id=0
block_id=0
block_id=0
block_id=0
block_id=0
block_id=0
block_id=0
block_id=0
block_id=0
block_id=0
block_id=0
block_id=0
block_id=0
block_id=0
block_id=0
block_id=0
step=43 of 100
block_id=0
block_id=0
block_id=0
block_id=0
block_id=0
block_id=0
block_id=0
block_id=0
block_id=0
block_id=0
block_id=0
block_id=0
block_id=0
block_id=0
block_id=0
block_id=0
block_id=0
block_id=0
block_id=0
block_id=0
block_id=0
block_id=0
block_id=0
block_id=0
block_id=0
block_id=0
block_id=0
block_id=0
block_id=0
block_id=0
block_id=0
block_id=0
block_id=0
step=44 of 100
block_id=0
block_id=0
block_id=0
block_id=0
block_id=0
block_id=0
block_id=0
block_id=0
block_id=0
block_id=0
block_id=0
block_id=0
block_id=0
block_id=0
block_id=0
block_id=0
block_id=0
block_id=0
block_id=0
block_id=0
block_id=0
block_id=0
block_id=0
block_id=0
block_id=0
block_id=0
block_id=0
block_id=0
block_id=0
block_id=0
block_id=0
block_id=0
step=45 of 100
block_id=0
block_id=0
block_id=0
block_id=0
block_id=0
block_id=0
block_id=0
block_id=0
block_id=0
block_id=0
block_id=0
block_id=0
block_id=0
block_id=0
block_id=0
block_id=0
block_id=0
block_id=0
block_id=0
block_id=0
block_id=0
block_id=0
block_id=0
block_id=0
block_id=0
block_id=0
block_id=0
block_id=0
block_id=0
block_id=0
block_id=0
block_id=0
step=46 of 100
block_id=0
block_id=0
block_id=0
block_id=0
block_id=0
block_id=0
block_id=0
block_id=0
block_id=0
block_id=0
block_id=0
block_id=0
block_id=0
block_id=0
block_id=0
block_id=0
block_id=0
block_id=0
block_id=0
block_id=0
block_id=0
block_id=0
block_id=0
block_id=0
block_id=0
block_id=0
block_id=0
block_id=0
block_id=0
block_id=0
block_id=0
block_id=0
step=47 of 100
block_id=0
block_id=0
block_id=0
block_id=0
block_id=0
block_id=0
block_id=0
block_id=0
block_id=0
block_id=0
block_id=0
block_id=0
block_id=0
block_id=0
block_id=0
block_id=0
block_id=0
block_id=0
block_id=0
block_id=0
block_id=0
block_id=0
block_id=0
block_id=0
block_id=0
block_id=0
block_id=0
block_id=0
block_id=0
block_id=0
block_id=0
block_id=0
step=48 of 100
block_id=0
block_id=0
block_id=0
block_id=0
block_id=0
block_id=0
block_id=0
block_id=0
block_id=0
block_id=0
block_id=0
block_id=0
block_id=0
block_id=0
block_id=0
block_id=0
block_id=0
block_id=0
block_id=0
block_id=0
block_id=0
block_id=0
block_id=0
block_id=0
block_id=0
block_id=0
block_id=0
block_id=0
block_id=0
block_id=0
block_id=0
block_id=0
step=49 of 100
block_id=0
block_id=0
block_id=0
block_id=0
block_id=0
block_id=0
block_id=0
block_id=0
block_id=0
block_id=0
block_id=0
block_id=0
block_id=0
block_id=0
block_id=0
block_id=0
block_id=0
block_id=0
block_id=0
block_id=0
block_id=0
block_id=0
block_id=0
block_id=0
block_id=0
block_id=0
block_id=0
block_id=0
block_id=0
block_id=0
block_id=0
block_id=0
step=50 of 100
block_id=0
block_id=0
block_id=0
block_id=0
block_id=0
block_id=0
block_id=0
block_id=0
block_id=0
block_id=0
block_id=0
block_id=0
block_id=0
block_id=0
block_id=0
block_id=0
block_id=0
block_id=0
block_id=0
block_id=0
block_id=0
block_id=0
block_id=0
block_id=0
block_id=0
block_id=0
block_id=0
block_id=0
block_id=0
block_id=0
block_id=0
block_id=0
step=51 of 100
block_id=0
block_id=0
block_id=0
block_id=0
block_id=0
block_id=0
block_id=0
block_id=0
block_id=0
block_id=0
block_id=0
block_id=0
block_id=0
block_id=0
block_id=0
block_id=0
block_id=0
block_id=0
block_id=0
block_id=0
block_id=0
block_id=0
block_id=0
block_id=0
block_id=0
block_id=0
block_id=0
block_id=0
block_id=0
block_id=0
block_id=0
block_id=0
step=52 of 100
block_id=0
block_id=0
block_id=0
block_id=0
block_id=0
block_id=0
block_id=0
block_id=0
block_id=0
block_id=0
block_id=0
block_id=0
block_id=0
block_id=0
block_id=0
block_id=0
block_id=0
block_id=0
block_id=0
block_id=0
block_id=0
block_id=0
block_id=0
block_id=0
block_id=0
block_id=0
block_id=0
block_id=0
block_id=0
block_id=0
block_id=0
block_id=0
step=53 of 100
block_id=0
block_id=0
block_id=0
block_id=0
block_id=0
block_id=0
block_id=0
block_id=0
block_id=0
block_id=0
block_id=0
block_id=0
block_id=0
block_id=0
block_id=0
block_id=0
block_id=0
block_id=0
block_id=0
block_id=0
block_id=0
block_id=0
block_id=0
block_id=0
block_id=0
block_id=0
block_id=0
block_id=0
block_id=0
block_id=0
block_id=0
block_id=0
step=54 of 100
block_id=0
block_id=0
block_id=0
block_id=0
block_id=0
block_id=0
block_id=0
block_id=0
block_id=0
block_id=0
block_id=0
block_id=0
block_id=0
block_id=0
block_id=0
block_id=0
block_id=0
block_id=0
block_id=0
block_id=0
block_id=0
block_id=0
block_id=0
block_id=0
block_id=0
block_id=0
block_id=0
block_id=0
block_id=0
block_id=0
block_id=0
block_id=0
step=55 of 100
block_id=0
block_id=0
block_id=0
block_id=0
block_id=0
block_id=0
block_id=0
block_id=0
block_id=0
block_id=0
block_id=0
block_id=0
block_id=0
block_id=0
block_id=0
block_id=0
block_id=0
block_id=0
block_id=0
block_id=0
block_id=0
block_id=0
block_id=0
block_id=0
block_id=0
block_id=0
block_id=0
block_id=0
block_id=0
block_id=0
block_id=0
block_id=0
step=56 of 100
block_id=0
block_id=0
block_id=0
block_id=0
block_id=0
block_id=0
block_id=0
block_id=0
block_id=0
block_id=0
block_id=0
block_id=0
block_id=0
block_id=0
block_id=0
block_id=0
block_id=0
block_id=0
block_id=0
block_id=0
block_id=0
block_id=0
block_id=0
block_id=0
block_id=0
block_id=0
block_id=0
block_id=0
block_id=0
block_id=0
block_id=0
block_id=0
step=57 of 100
block_id=0
block_id=0
block_id=0
block_id=0
block_id=0
block_id=0
block_id=0
block_id=0
block_id=0
block_id=0
block_id=0
block_id=0
block_id=0
block_id=0
block_id=0
block_id=0
block_id=0
block_id=0
block_id=0
block_id=0
block_id=0
block_id=0
block_id=0
block_id=0
block_id=0
block_id=0
block_id=0
block_id=0
block_id=0
block_id=0
block_id=0
block_id=0
step=58 of 100
block_id=0
block_id=0
block_id=0
block_id=0
block_id=0
block_id=0
block_id=0
block_id=0
block_id=0
block_id=0
block_id=0
block_id=0
block_id=0
block_id=0
block_id=0
block_id=0
block_id=0
block_id=0
block_id=0
block_id=0
block_id=0
block_id=0
block_id=0
block_id=0
block_id=0
block_id=0
block_id=0
block_id=0
block_id=0
block_id=0
block_id=0
block_id=0
step=59 of 100
block_id=0
block_id=0
block_id=0
block_id=0
block_id=0
block_id=0
block_id=0
block_id=0
block_id=0
block_id=0
block_id=0
block_id=0
block_id=0
block_id=0
block_id=0
block_id=0
block_id=0
block_id=0
block_id=0
block_id=0
block_id=0
block_id=0
block_id=0
block_id=0
block_id=0
block_id=0
block_id=0
block_id=0
block_id=0
block_id=0
block_id=0
block_id=0
step=60 of 100
block_id=0
block_id=0
block_id=0
block_id=0
block_id=0
block_id=0
block_id=0
block_id=0
block_id=0
block_id=0
block_id=0
block_id=0
block_id=0
block_id=0
block_id=0
block_id=0
block_id=0
block_id=0
block_id=0
block_id=0
block_id=0
block_id=0
block_id=0
block_id=0
block_id=0
block_id=0
block_id=0
block_id=0
block_id=0
block_id=0
block_id=0
block_id=0
step=61 of 100
block_id=0
block_id=0
block_id=0
block_id=0
block_id=0
block_id=0
block_id=0
block_id=0
block_id=0
block_id=0
block_id=0
block_id=0
block_id=0
block_id=0
block_id=0
block_id=0
block_id=0
block_id=0
block_id=0
block_id=0
block_id=0
block_id=0
block_id=0
block_id=0
block_id=0
block_id=0
block_id=0
block_id=0
block_id=0
block_id=0
block_id=0
block_id=0
step=62 of 100
block_id=0
block_id=0
block_id=0
block_id=0
block_id=0
block_id=0
block_id=0
block_id=0
block_id=0
block_id=0
block_id=0
block_id=0
block_id=0
block_id=0
block_id=0
block_id=0
block_id=0
block_id=0
block_id=0
block_id=0
block_id=0
block_id=0
block_id=0
block_id=0
block_id=0
block_id=0
block_id=0
block_id=0
block_id=0
block_id=0
block_id=0
block_id=0
step=63 of 100
block_id=0
block_id=0
block_id=0
block_id=0
block_id=0
block_id=0
block_id=0
block_id=0
block_id=0
block_id=0
block_id=0
block_id=0
block_id=0
block_id=0
block_id=0
block_id=0
block_id=0
block_id=0
block_id=0
block_id=0
block_id=0
block_id=0
block_id=0
block_id=0
block_id=0
block_id=0
block_id=0
block_id=0
block_id=0
block_id=0
block_id=0
block_id=0
step=64 of 100
block_id=0
block_id=0
block_id=0
block_id=0
block_id=0
block_id=0
block_id=0
block_id=0
block_id=0
block_id=0
block_id=0
block_id=0
block_id=0
block_id=0
block_id=0
block_id=0
block_id=0
block_id=0
block_id=0
block_id=0
block_id=0
block_id=0
block_id=0
block_id=0
block_id=0
block_id=0
block_id=0
block_id=0
block_id=0
block_id=0
block_id=0
block_id=0
step=65 of 100
block_id=0
block_id=0
block_id=0
block_id=0
block_id=0
block_id=0
block_id=0
block_id=0
block_id=0
block_id=0
block_id=0
block_id=0
block_id=0
block_id=0
block_id=0
block_id=0
block_id=0
block_id=0
block_id=0
block_id=0
block_id=0
block_id=0
block_id=0
block_id=0
block_id=0
block_id=0
block_id=0
block_id=0
block_id=0
block_id=0
block_id=0
block_id=0
step=66 of 100
block_id=0
block_id=0
block_id=0
block_id=0
block_id=0
block_id=0
block_id=0
block_id=0
block_id=0
block_id=0
block_id=0
block_id=0
block_id=0
block_id=0
block_id=0
block_id=0
block_id=0
block_id=0
block_id=0
block_id=0
block_id=0
block_id=0
block_id=0
block_id=0
block_id=0
block_id=0
block_id=0
block_id=0
block_id=0
block_id=0
block_id=0
block_id=0
step=67 of 100
block_id=0
block_id=0
block_id=0
block_id=0
block_id=0
block_id=0
block_id=0
block_id=0
block_id=0
block_id=0
block_id=0
block_id=0
block_id=0
block_id=0
block_id=0
block_id=0
block_id=0
block_id=0
block_id=0
block_id=0
block_id=0
block_id=0
block_id=0
block_id=0
block_id=0
block_id=0
block_id=0
block_id=0
block_id=0
block_id=0
block_id=0
block_id=0
step=68 of 100
block_id=0
block_id=0
block_id=0
block_id=0
block_id=0
block_id=0
block_id=0
block_id=0
block_id=0
block_id=0
block_id=0
block_id=0
block_id=0
block_id=0
block_id=0
block_id=0
block_id=0
block_id=0
block_id=0
block_id=0
block_id=0
block_id=0
block_id=0
block_id=0
block_id=0
block_id=0
block_id=0
block_id=0
block_id=0
block_id=0
block_id=0
block_id=0
step=69 of 100
block_id=0
block_id=0
block_id=0
block_id=0
block_id=0
block_id=0
block_id=0
block_id=0
block_id=0
block_id=0
block_id=0
block_id=0
block_id=0
block_id=0
block_id=0
block_id=0
block_id=0
block_id=0
block_id=0
block_id=0
block_id=0
block_id=0
block_id=0
block_id=0
block_id=0
block_id=0
block_id=0
block_id=0
block_id=0
block_id=0
block_id=0
block_id=0
step=70 of 100
block_id=0
block_id=0
block_id=0
block_id=0
block_id=0
block_id=0
block_id=0
block_id=0
block_id=0
block_id=0
block_id=0
block_id=0
block_id=0
block_id=0
block_id=0
block_id=0
block_id=0
block_id=0
block_id=0
block_id=0
block_id=0
block_id=0
block_id=0
block_id=0
block_id=0
block_id=0
block_id=0
block_id=0
block_id=0
block_id=0
block_id=0
block_id=0
step=71 of 100
block_id=0
block_id=0
block_id=0
block_id=0
block_id=0
block_id=0
block_id=0
block_id=0
block_id=0
block_id=0
block_id=0
block_id=0
block_id=0
block_id=0
block_id=0
block_id=0
block_id=0
block_id=0
block_id=0
block_id=0
block_id=0
block_id=0
block_id=0
block_id=0
block_id=0
block_id=0
block_id=0
block_id=0
block_id=0
block_id=0
block_id=0
block_id=0
step=72 of 100
block_id=0
block_id=0
block_id=0
block_id=0
block_id=0
block_id=0
block_id=0
block_id=0
block_id=0
block_id=0
block_id=0
block_id=0
block_id=0
block_id=0
block_id=0
block_id=0
block_id=0
block_id=0
block_id=0
block_id=0
block_id=0
block_id=0
block_id=0
block_id=0
block_id=0
block_id=0
block_id=0
block_id=0
block_id=0
block_id=0
block_id=0
block_id=0
step=73 of 100
block_id=0
block_id=0
block_id=0
block_id=0
block_id=0
block_id=0
block_id=0
block_id=0
block_id=0
block_id=0
block_id=0
block_id=0
block_id=0
block_id=0
block_id=0
block_id=0
block_id=0
block_id=0
block_id=0
block_id=0
block_id=0
block_id=0
block_id=0
block_id=0
block_id=0
block_id=0
block_id=0
block_id=0
block_id=0
block_id=0
block_id=0
block_id=0
step=74 of 100
block_id=0
block_id=0
block_id=0
block_id=0
block_id=0
block_id=0
block_id=0
block_id=0
block_id=0
block_id=0
block_id=0
block_id=0
block_id=0
block_id=0
block_id=0
block_id=0
block_id=0
block_id=0
block_id=0
block_id=0
block_id=0
block_id=0
block_id=0
block_id=0
block_id=0
block_id=0
block_id=0
block_id=0
block_id=0
block_id=0
block_id=0
block_id=0
step=75 of 100
block_id=0
block_id=0
block_id=0
block_id=0
block_id=0
block_id=0
block_id=0
block_id=0
block_id=0
block_id=0
block_id=0
block_id=0
block_id=0
block_id=0
block_id=0
block_id=0
block_id=0
block_id=0
block_id=0
block_id=0
block_id=0
block_id=0
block_id=0
block_id=0
block_id=0
block_id=0
block_id=0
block_id=0
block_id=0
block_id=0
block_id=0
block_id=0
step=76 of 100
block_id=0
block_id=0
block_id=0
block_id=0
block_id=0
block_id=0
block_id=0
block_id=0
block_id=0
block_id=0
block_id=0
block_id=0
block_id=0
block_id=0
block_id=0
block_id=0
block_id=0
block_id=0
block_id=0
block_id=0
block_id=0
block_id=0
block_id=0
block_id=0
block_id=0
block_id=0
block_id=0
block_id=0
block_id=0
block_id=0
block_id=0
block_id=0
step=77 of 100
block_id=0
block_id=0
block_id=0
block_id=0
block_id=0
block_id=0
block_id=0
block_id=0
block_id=0
block_id=0
block_id=0
block_id=0
block_id=0
block_id=0
block_id=0
block_id=0
block_id=0
block_id=0
block_id=0
block_id=0
block_id=0
block_id=0
block_id=0
block_id=0
block_id=0
block_id=0
block_id=0
block_id=0
block_id=0
block_id=0
block_id=0
block_id=0
step=78 of 100
block_id=0
block_id=0
block_id=0
block_id=0
block_id=0
block_id=0
block_id=0
block_id=0
block_id=0
block_id=0
block_id=0
block_id=0
block_id=0
block_id=0
block_id=0
block_id=0
block_id=0
block_id=0
block_id=0
block_id=0
block_id=0
block_id=0
block_id=0
block_id=0
block_id=0
block_id=0
block_id=0
block_id=0
block_id=0
block_id=0
block_id=0
block_id=0
step=79 of 100
block_id=0
block_id=0
block_id=0
block_id=0
block_id=0
block_id=0
block_id=0
block_id=0
block_id=0
block_id=0
block_id=0
block_id=0
block_id=0
block_id=0
block_id=0
block_id=0
block_id=0
block_id=0
block_id=0
block_id=0
block_id=0
block_id=0
block_id=0
block_id=0
block_id=0
block_id=0
block_id=0
block_id=0
block_id=0
block_id=0
block_id=0
block_id=0
step=80 of 100
block_id=0
block_id=0
block_id=0
block_id=0
block_id=0
block_id=0
block_id=0
block_id=0
block_id=0
block_id=0
block_id=0
block_id=0
block_id=0
block_id=0
block_id=0
block_id=0
block_id=0
block_id=0
block_id=0
block_id=0
block_id=0
block_id=0
block_id=0
block_id=0
block_id=0
block_id=0
block_id=0
block_id=0
block_id=0
block_id=0
block_id=0
block_id=0
step=81 of 100
block_id=0
block_id=0
block_id=0
block_id=0
block_id=0
block_id=0
block_id=0
block_id=0
block_id=0
block_id=0
block_id=0
block_id=0
block_id=0
block_id=0
block_id=0
block_id=0
block_id=0
block_id=0
block_id=0
block_id=0
block_id=0
block_id=0
block_id=0
block_id=0
block_id=0
block_id=0
block_id=0
block_id=0
block_id=0
block_id=0
block_id=0
block_id=0
step=82 of 100
block_id=0
block_id=0
block_id=0
block_id=0
block_id=0
block_id=0
block_id=0
block_id=0
block_id=0
block_id=0
block_id=0
block_id=0
block_id=0
block_id=0
block_id=0
block_id=0
block_id=0
block_id=0
block_id=0
block_id=0
block_id=0
block_id=0
block_id=0
block_id=0
block_id=0
block_id=0
block_id=0
block_id=0
block_id=0
block_id=0
block_id=0
block_id=0
step=83 of 100
block_id=0
block_id=0
block_id=0
block_id=0
block_id=0
block_id=0
block_id=0
block_id=0
block_id=0
block_id=0
block_id=0
block_id=0
block_id=0
block_id=0
block_id=0
block_id=0
block_id=0
block_id=0
block_id=0
block_id=0
block_id=0
block_id=0
block_id=0
block_id=0
block_id=0
block_id=0
block_id=0
block_id=0
block_id=0
block_id=0
block_id=0
block_id=0
step=84 of 100
block_id=0
block_id=0
block_id=0
block_id=0
block_id=0
block_id=0
block_id=0
block_id=0
block_id=0
block_id=0
block_id=0
block_id=0
block_id=0
block_id=0
block_id=0
block_id=0
block_id=0
block_id=0
block_id=0
block_id=0
block_id=0
block_id=0
block_id=0
block_id=0
block_id=0
block_id=0
block_id=0
block_id=0
block_id=0
block_id=0
block_id=0
block_id=0
step=85 of 100
block_id=0
block_id=0
block_id=0
block_id=0
block_id=0
block_id=0
block_id=0
block_id=0
block_id=0
block_id=0
block_id=0
block_id=0
block_id=0
block_id=0
block_id=0
block_id=0
block_id=0
block_id=0
block_id=0
block_id=0
block_id=0
block_id=0
block_id=0
block_id=0
block_id=0
block_id=0
block_id=0
block_id=0
block_id=0
block_id=0
block_id=0
block_id=0
step=86 of 100
block_id=0
block_id=0
block_id=0
block_id=0
block_id=0
block_id=0
block_id=0
block_id=0
block_id=0
block_id=0
block_id=0
block_id=0
block_id=0
block_id=0
block_id=0
block_id=0
block_id=0
block_id=0
block_id=0
block_id=0
block_id=0
block_id=0
block_id=0
block_id=0
block_id=0
block_id=0
block_id=0
block_id=0
block_id=0
block_id=0
block_id=0
block_id=0
step=87 of 100
block_id=0
block_id=0
block_id=0
block_id=0
block_id=0
block_id=0
block_id=0
block_id=0
block_id=0
block_id=0
block_id=0
block_id=0
block_id=0
block_id=0
block_id=0
block_id=0
block_id=0
block_id=0
block_id=0
block_id=0
block_id=0
block_id=0
block_id=0
block_id=0
block_id=0
block_id=0
block_id=0
block_id=0
block_id=0
block_id=0
block_id=0
block_id=0
step=88 of 100
block_id=0
block_id=0
block_id=0
block_id=0
block_id=0
block_id=0
block_id=0
block_id=0
block_id=0
block_id=0
block_id=0
block_id=0
block_id=0
block_id=0
block_id=0
block_id=0
block_id=0
block_id=0
block_id=0
block_id=0
block_id=0
block_id=0
block_id=0
block_id=0
block_id=0
block_id=0
block_id=0
block_id=0
block_id=0
block_id=0
block_id=0
block_id=0
step=89 of 100
block_id=0
block_id=0
block_id=0
block_id=0
block_id=0
block_id=0
block_id=0
block_id=0
block_id=0
block_id=0
block_id=0
block_id=0
block_id=0
block_id=0
block_id=0
block_id=0
block_id=0
block_id=0
block_id=0
block_id=0
block_id=0
block_id=0
block_id=0
block_id=0
block_id=0
block_id=0
block_id=0
block_id=0
block_id=0
block_id=0
block_id=0
block_id=0
step=90 of 100
block_id=0
block_id=0
block_id=0
block_id=0
block_id=0
block_id=0
block_id=0
block_id=0
block_id=0
block_id=0
block_id=0
block_id=0
block_id=0
block_id=0
block_id=0
block_id=0
block_id=0
block_id=0
block_id=0
block_id=0
block_id=0
block_id=0
block_id=0
block_id=0
block_id=0
block_id=0
block_id=0
block_id=0
block_id=0
block_id=0
block_id=0
block_id=0
step=91 of 100
block_id=0
block_id=0
block_id=0
block_id=0
block_id=0
block_id=0
block_id=0
block_id=0
block_id=0
block_id=0
block_id=0
block_id=0
block_id=0
block_id=0
block_id=0
block_id=0
block_id=0
block_id=0
block_id=0
block_id=0
block_id=0
block_id=0
block_id=0
block_id=0
block_id=0
block_id=0
block_id=0
block_id=0
block_id=0
block_id=0
block_id=0
block_id=0
step=92 of 100
block_id=0
block_id=0
block_id=0
block_id=0
block_id=0
block_id=0
block_id=0
block_id=0
block_id=0
block_id=0
block_id=0
block_id=0
block_id=0
block_id=0
block_id=0
block_id=0
block_id=0
block_id=0
block_id=0
block_id=0
block_id=0
block_id=0
block_id=0
block_id=0
block_id=0
block_id=0
block_id=0
block_id=0
block_id=0
block_id=0
block_id=0
block_id=0
step=93 of 100
block_id=0
block_id=0
block_id=0
block_id=0
block_id=0
block_id=0
block_id=0
block_id=0
block_id=0
block_id=0
block_id=0
block_id=0
block_id=0
block_id=0
block_id=0
block_id=0
block_id=0
block_id=0
block_id=0
block_id=0
block_id=0
block_id=0
block_id=0
block_id=0
block_id=0
block_id=0
block_id=0
block_id=0
block_id=0
block_id=0
block_id=0
block_id=0
step=94 of 100
block_id=0
block_id=0
block_id=0
block_id=0
block_id=0
block_id=0
block_id=0
block_id=0
block_id=0
block_id=0
block_id=0
block_id=0
block_id=0
block_id=0
block_id=0
block_id=0
block_id=0
block_id=0
block_id=0
block_id=0
block_id=0
block_id=0
block_id=0
block_id=0
block_id=0
block_id=0
block_id=0
block_id=0
block_id=0
block_id=0
block_id=0
block_id=0
step=95 of 100
block_id=0
block_id=0
block_id=0
block_id=0
block_id=0
block_id=0
block_id=0
block_id=0
block_id=0
block_id=0
block_id=0
block_id=0
block_id=0
block_id=0
block_id=0
block_id=0
block_id=0
block_id=0
block_id=0
block_id=0
block_id=0
block_id=0
block_id=0
block_id=0
block_id=0
block_id=0
block_id=0
block_id=0
block_id=0
block_id=0
block_id=0
block_id=0
step=96 of 100
block_id=0
block_id=0
block_id=0
block_id=0
block_id=0
block_id=0
block_id=0
block_id=0
block_id=0
block_id=0
block_id=0
block_id=0
block_id=0
block_id=0
block_id=0
block_id=0
block_id=0
block_id=0
block_id=0
block_id=0
block_id=0
block_id=0
block_id=0
block_id=0
block_id=0
block_id=0
block_id=0
block_id=0
block_id=0
block_id=0
block_id=0
block_id=0
step=97 of 100
block_id=0
block_id=0
block_id=0
block_id=0
block_id=0
block_id=0
block_id=0
block_id=0
block_id=0
block_id=0
block_id=0
block_id=0
block_id=0
block_id=0
block_id=0
block_id=0
block_id=0
block_id=0
block_id=0
block_id=0
block_id=0
block_id=0
block_id=0
block_id=0
block_id=0
block_id=0
block_id=0
block_id=0
block_id=0
block_id=0
block_id=0
block_id=0
step=98 of 100
block_id=0
block_id=0
block_id=0
block_id=0
block_id=0
block_id=0
block_id=0
block_id=0
block_id=0
block_id=0
block_id=0
block_id=0
block_id=0
block_id=0
block_id=0
block_id=0
block_id=0
block_id=0
block_id=0
block_id=0
block_id=0
block_id=0
block_id=0
block_id=0
block_id=0
block_id=0
block_id=0
block_id=0
block_id=0
block_id=0
block_id=0
block_id=0
step=99 of 100
block_id=0
block_id=0
block_id=0
block_id=0
block_id=0
block_id=0
block_id=0
block_id=0
block_id=0
block_id=0
block_id=0
block_id=0
block_id=0
block_id=0
block_id=0
block_id=0
block_id=0
block_id=0
block_id=0
block_id=0
block_id=0
block_id=0
block_id=0
block_id=0
block_id=0
block_id=0
block_id=0
block_id=0
block_id=0
block_id=0
block_id=0
block_id=0
Comp_Proc0: LBM generate the EXIT block_id=-1 in timestep=100 with total_blks 3200
Comp_Proc0 on comet-14-01.sdsc.edu: LBM computation Done! Only_LBM_Time=24.623, T_compute/Block=7835.170us, T_total_compute=25.073
Comp_Proc0: Sender1 Get exit flag msg and prepare to quit
Comp_Proc0: ---Normal case--- Sender1 longer than writer !!!!---###---
Comp_Proc0: Sender1 T_total=25.074, mpi_send_progress_counter=3200,T_mix_send=0.000, T_only_mpi_send=0.547, mix_msg_id=0, disk_id=0, long_msg_id=3200
Comp_Proc0: Job finish on comet-14-01.sdsc.edu, T_total=25.074
Ana_Proc1: Receiver3 get a *EXIT_MSG_TAG* from src=0 with block_id=-1, num_exit_flag=1
Ana_Proc1: Receiver3 T_total=25.072, mpi_recv_progress_counter=3200, T_receive_wait=24.781, T_wait_lock=0.000, long_msg_id=3200, mix_msg_id= 0,disk_id=0
block_id=0
block_id=0
block_id=0
block_id=0
block_id=0
block_id=0
block_id=0
block_id=0
block_id=0
block_id=0
block_id=0
block_id=0
block_id=0
block_id=0
block_id=0
block_id=0
block_id=0
block_id=0
block_id=0
block_id=0
block_id=0
block_id=0
block_id=0
block_id=0
block_id=0
block_id=0
block_id=0
block_id=0
block_id=0
block_id=0
block_id=0
Ana_Proc1: Consumer get a EXIT_BLK_ID from source=0 and Prepare to free it
Ana_Proc1: Consumer get a EXIT_BLK_ID from source=0! num_exit_flag=1
Ana_Proc1: Consumer prepare to exit!
Ana_Proc1: Consumer prepare to exit! With ring_buffer num_avail_elements=0
Ana_Proc1: Consumer T_total_consumer=25.238, T_calc=16.769, T_wait=8.460, T_move_tail=0.000, my_count=3200, free_count=3200
Ana_Proc1: Writer1 T_write=0.875, T_only_fwrite=0.847, T_total=25.238, my_count=3200
Ana_Proc1 on comet-14-01.sdsc.edu: Analysis Job Done! T_total=25.238
IBRUN: Job ended with value 0
