Tue Apr 11 11:46:45 PDT 2017
------LBM_concurrent_store---------------
lp=2, step_stop=100
Usage: %s 1 1 1     1 1
Block size starting from 64KB,128KB,256KB,512KB,1MB,2MB,4MB,8MB
Block size input =	   1   ,2    ,4    ,8    ,16 ,32 ,64 ,128
remove all subdirectories
Tue Apr 11 11:46:45 PDT 2017
-----------Delete files-----------------
-----------End Delete files-------------
Tue Apr 11 11:46:45 PDT 2017
mkdir new
mkdir: created directory `/oasis/scratch/comet/qoofyk/temp_project/LBMconcurrentstore/LBMcon001vs001'
mkdir: created directory `/oasis/scratch/comet/qoofyk/temp_project/LBMconcurrentstore/LBMcon001vs001/cid000'


####### Simulate 1 Compute Parallel Write vs 1 Analysis Parallel Read ########
@@@@@@@@@@@@@@@@@@@@@@@@@@@@@@@@@@@@@@@@@@@@@@@@@@@@@@@@@@
***********1 Compute Write*******************************
Block size starting from 64KB,128KB,256KB,512KB,1MB,2MB,4MB,8MB
cubex =	   			   16  ,16   ,16   ,32   ,32 ,32 ,64 ,64
cubez =	   			   16  ,32   ,64   ,32   ,64 ,128,64 ,128
*********************1 Analysis Read**********************
Block size starting from 64KB,128KB,256KB,512KB,1MB,2MB,4MB,8MB
@@@@@@@@@@@@@@@@@@@@@@@@@@@@@@@@@@@@@@@@@@@@@@@@@@@@@@@@@@
********************************************************************
LBMconcurrentstore 512 KB, 0% PRB
********************************************************************
IBRUN: Command is /home/qoofyk/General_Data_Broker/lbm_concurrent_store/lbm_concurrent_store
IBRUN: Command is /home/qoofyk/General_Data_Broker/lbm_concurrent_store/lbm_concurrent_store
IBRUN: Even number of ranks per node (2)--hacking nodefile...
IBRUN: Running on 1 unique nodes
IBRUN: Will place 2 ranks on comet-14-02 with 2 threads each
IBRUN: Nodefile is /tmp/EmONQ9PsCu
IBRUN: Adding MV2_CPU_MAPPING=0-1:2-3:4-5:6-7 to the environment
IBRUN: Adding MV2_USE_OLD_BCAST=1 to the environment
IBRUN: Adding MV2_USE_HUGEPAGES=0 to the environment
IBRUN: Adding MV2_HOMOGENEOUS_CLUSTER=0 to the environment
IBRUN: Adding MV2_DEFAULT_TIME_OUT=23 to the environment
IBRUN: Adding MV2_USE_UD_HYBRID=0 to the environment
IBRUN: Added 6 new environment variables to the execution environment
IBRUN: Command string is [mpirun_rsh -np 2 -hostfile /tmp/EmONQ9PsCu -export /home/qoofyk/General_Data_Broker/lbm_concurrent_store/lbm_concurrent_store 1 1 1 1 0 1 1 32 32 100 4 256]
Hello world! I'm rank 0 of 2 on comet-14-02.sdsc.edu with provided=3, block_size=524304, cube_size=65536 double
Hello world! I'm rank 1 of 2 on comet-14-02.sdsc.edu with provided=3, block_size=524304, cube_size=65536 double
Comp_Proc0 of 1 cpt_total_blks=3200, writer_blk_num=0, sender_blk_num=3200, PRODUCER_Ringbuffer 0.500GB, size=1024 member
Ana_Proc1 of 1 ana_total_blks=3200, reader_blk_num=0, analysis_writer_blk_num=3200, CONSUMER_Ringbuffer 0.500GB, size=1024 member
Comp_Proc0: Writer0 is turned off
Comp_Proc0: Writer0 T_write=0.000, T_only_fwrite=0.000, T_total=0.000 with 0 blocks
Ana_Proc1: read empty file from last_gen_rank=1
Ana_Proc1: Reader0 is turned off
Ana_Proc1: Reader0 T_total=0.000, T_io_read=0.000, T_only_fread=0.000 with 0 blocks
Init LBM Time=0.090891
step=0 of 100
[comet-14-02.sdsc.edu:mpi_rank_1][error_sighandler] Caught error: Segmentation fault (signal 11)
[comet-14-02.sdsc.edu:mpispawn_0][readline] Unexpected End-Of-File on file descriptor 6. MPI process died?
[comet-14-02.sdsc.edu:mpispawn_0][mtpmi_processops] Error while reading PMI socket. MPI process died?
[comet-14-02.sdsc.edu:mpispawn_0][child_handler] MPI process (rank: 1, pid: 14279) terminated with signal 11 -> abort job
step=1 of 100
step=2 of 100
step=3 of 100
step=4 of 100
step=5 of 100
step=6 of 100
step=7 of 100
step=8 of 100
[comet-14-02.sdsc.edu:mpirun_rsh][process_mpispawn_connection] mpispawn_0 from node comet-14-02 aborted: Error while reading a PMI socket (4)
IBRUN: Job ended with value 1
