../analysis_writer.c: In function ‘analysis_write_one_file’:
../analysis_writer.c:92:48: warning: unused parameter ‘source’ [-Wunused-parameter]
 void analysis_write_one_file(GV gv, LV lv, int source, int blk_id, char* buffer, int nbytes, FILE *fp){
                                                ^
../analysis_consumer.c: In function ‘simple_verify’:
../analysis_consumer.c:7:30: warning: unused parameter ‘lv’ [-Wunused-parameter]
 void simple_verify(GV gv, LV lv, char* buffer, int nbytes, int source, int block_id, int* consumer_state_p, int* wrong){
                              ^
../analysis_consumer.c:7:64: warning: unused parameter ‘source’ [-Wunused-parameter]
 void simple_verify(GV gv, LV lv, char* buffer, int nbytes, int source, int block_id, int* consumer_state_p, int* wrong){
                                                                ^
../analysis_consumer.c:7:91: warning: unused parameter ‘consumer_state_p’ [-Wunused-parameter]
 void simple_verify(GV gv, LV lv, char* buffer, int nbytes, int source, int block_id, int* consumer_state_p, int* wrong){
                                                                                           ^
../analysis_consumer.c: In function ‘consumer_ring_buffer_move_tail’:
../analysis_consumer.c:94:47: warning: unused parameter ‘lv’ [-Wunused-parameter]
 void consumer_ring_buffer_move_tail(GV gv, LV lv, int* flag_p, char* pointer){
                                               ^
../analysis_consumer.c: In function ‘analysis_consumer_thread’:
../analysis_consumer.c:146:7: warning: variable ‘remaining_elements’ set but not used [-Wunused-but-set-variable]
   int remaining_elements;
       ^
